Opened file with command: gunzip -c ../new_traces/sml.ptr.gz 
Processor Settings
R: 3
k0: 2
k1: 1
k2: 2
F: 4

INST	FETCH	DISP	SCHED	EXEC	STATE
1	1	2	3	4	5
2	1	2	3	4	5
3	1	2	3	4	5
4	1	2	3	4	5
5	2	3	4	5	6
6	2	3	4	5	6
7	2	3	4	5	6
8	2	3	4	5	6
9	3	4	5	6	7
10	3	4	5	6	7
11	3	4	5	6	7
12	3	4	5	6	7
13	4	5	6	7	8
14	4	5	6	7	8
15	4	5	6	7	8
16	4	5	6	7	8
17	5	6	7	8	9
18	5	6	7	8	9
19	5	6	7	8	9
20	5	6	7	8	9
21	6	7	8	9	10
22	6	7	8	9	10
23	6	7	8	9	10
24	6	7	8	9	10
25	7	8	9	10	11
26	7	8	9	10	11
27	7	8	9	10	11
28	7	8	9	10	11
29	8	9	10	11	12
30	8	9	10	11	12
31	8	9	10	11	12
32	8	9	10	11	12
33	9	10	11	12	13
34	9	10	11	12	13
35	9	10	11	12	13
36	9	10	11	12	13
37	10	11	12	13	14
38	10	11	12	13	14
39	10	11	12	13	14
40	10	11	12	13	14
41	11	12	13	14	15
42	11	12	13	14	15
43	11	12	13	14	15
44	11	12	13	14	15
45	12	13	14	15	16
46	12	13	14	15	16
47	12	13	14	15	16
48	12	13	14	15	16
49	13	14	15	16	17
50	13	14	15	16	17
51	13	14	15	16	17
52	13	14	15	16	17
53	14	15	16	17	18
54	14	15	16	17	18
55	14	15	16	17	18
56	14	15	16	17	18
57	15	16	17	18	19
58	15	16	17	18	19
59	15	16	17	18	19
60	15	16	17	18	19
61	16	17	18	19	20
62	16	17	18	19	20
63	16	17	18	19	20
64	16	17	18	19	20
65	17	18	19	20	21
66	17	18	19	20	21
67	17	18	19	20	21
68	17	18	19	20	21
69	18	19	20	21	22
70	18	19	20	21	22
71	18	19	20	21	22
72	18	19	20	21	22
73	19	20	21	22	23
74	19	20	21	22	23
75	19	20	21	22	23
76	19	20	21	22	23
77	20	21	22	23	24
78	20	21	22	23	24
79	20	21	22	23	24
80	20	21	22	23	24
81	21	22	23	24	25
82	21	22	23	24	25
83	21	22	23	24	25
84	21	22	23	24	25
85	22	23	24	25	26
86	22	23	24	25	26
87	22	23	24	25	26
88	22	23	24	25	26
89	23	24	25	26	27
90	23	24	25	26	27
91	23	24	25	26	27
92	23	24	25	26	27
93	24	25	26	27	28
94	24	25	26	27	28
95	24	25	26	27	28
96	24	25	26	27	28
97	25	26	27	28	29
98	25	26	27	28	29
99	25	26	27	28	29
100	25	26	27	28	29

Processor stats:
Total instructions: 100
Total run time (cycles): 29
Avg inst retired per cycle: 3.448276
Maximum Dispatch queue size: 4
Avg Dispatch queue size: 3.448276
